<?xml version="1.0" encoding="UTF-8"?>
<testng-results skipped="0" failed="0" total="1" passed="1">
  <reporter-output>
  </reporter-output>
  <suite name="Default suite" duration-ms="29543" started-at="2019-10-11T09:10:50Z" finished-at="2019-10-11T09:11:19Z">
    <groups>
    </groups>
    <test name="Default test" duration-ms="29543" started-at="2019-10-11T09:10:50Z" finished-at="2019-10-11T09:11:19Z">
      <class name="Automation1.Phptravels.hotelsearchtest3">
        <test-method status="PASS" signature="test1()[pri:0, instance:Automation1.Phptravels.hotelsearchtest3@343f4d3d]" name="test1" duration-ms="29508" started-at="2019-10-11T14:40:50Z" finished-at="2019-10-11T14:41:19Z">
          <reporter-output>
          </reporter-output>
        </test-method> <!-- test1 -->
      </class> <!-- Automation1.Phptravels.hotelsearchtest3 -->
    </test> <!-- Default test -->
  </suite> <!-- Default suite -->
</testng-results>
